<?xml version="1.0" encoding="UTF-8"?>
<testsuite name="ru.stqa.training.selenium.MyFirstTest" tests="1" skipped="0" failures="0" errors="0" timestamp="2020-07-29T12:37:11" hostname="Ridiculous" time="18.117">
  <properties/>
  <testcase name="myFirstTest" classname="ru.stqa.training.selenium.MyFirstTest" time="18.117"/>
  <system-out><![CDATA[size
size
]]></system-out>
  <system-err><![CDATA[Starting ChromeDriver 83.0.4103.39 (ccbf011cb2d2b19b506d844400483861342c20cd-refs/branch-heads/4103@{#416}) on port 27939
Only local connections are allowed.
Please see https://chromedriver.chromium.org/security-considerations for suggestions on keeping ChromeDriver safe.
ChromeDriver was started successfully.
[1596026233.506][WARNING]: This version of ChromeDriver has not been tested with Chrome version 84.
июл. 29, 2020 3:37:13 PM org.openqa.selenium.remote.ProtocolHandshake createSession
INFO: Detected dialect: W3C
]]></system-err>
</testsuite>
